2022-04-04 01:59:45,859 INFO Namespace(a_feature_size=128, audio_list='list/audio.list', batch_size=128, dataset_name='XD-Violence', dropout=0.1, ffn_dim=128, flow_list='list/flow.list', gpus='0', gt='list/gt.npy', hid_dim=128, lamda_a2b=1.5, lamda_a2n=1.5, lamda_cof=0.1, lr=0.0004, m=0.91, max_epoch=50, max_seqlen=200, modality='MIX2', model_name='wsanodet', nhead=4, num_classes=1, num_stages=3, pretrained_ckpt=None, rgb_list='list/rgb.list', t=0.1, test_audio_list='list/audio_test.list', test_flow_list='list/flow_test.list', test_rgb_list='list/rgb_test.list', v_feature_size=1024, v_lr=8e-05, workers=8)
2022-04-04 01:59:49,182 INFO 347,009 total parameters.
2022-04-04 01:59:49,182 INFO 347,009 training parameters.
2022-04-04 02:00:07,221 INFO Random initalization: offline av_auc:0.239

2022-04-04 02:00:17,843 INFO Current Lambda_a2b: 0.00, Current Lambda_a2n: 0.00
2022-04-04 02:00:17,849 INFO 0/2 MIL Loss: 0.7067, CMA Loss A2V_A2B: 6.8801, CMA Loss A2V_A2N: 2.3689,CMA Loss V2A_A2B: 6.9031,  CMA Loss V2A_A2N: 2.3546
2022-04-04 02:00:47,650 INFO Current Lambda_a2b: 0.00, Current Lambda_a2n: 0.00
2022-04-04 02:00:47,651 INFO 1/2 MIL Loss: 0.2140, CMA Loss A2V_A2B: 7.9586, CMA Loss A2V_A2N: 7.1579,CMA Loss V2A_A2B: 7.1666,  CMA Loss V2A_A2N: 5.7569
2022-04-04 02:01:16,619 INFO Current Lambda_a2b: 0.00, Current Lambda_a2n: 0.00
2022-04-04 02:01:16,620 INFO 2/2 MIL Loss: 0.1435, CMA Loss A2V_A2B: 6.6779, CMA Loss A2V_A2N: 5.3923,CMA Loss V2A_A2B: 7.8683,  CMA Loss V2A_A2N: 6.8420
2022-04-04 02:01:34,994 INFO av_loss:0.1435 | v_loss:0.3626

2022-04-04 02:01:34,994 INFO Epoch 0/50: av_auc:0.7589 | v_auc:0.7061 | m=0.91

2022-04-04 02:01:44,749 INFO Current Lambda_a2b: 0.10, Current Lambda_a2n: 0.10
2022-04-04 02:01:44,750 INFO 0/2 MIL Loss: 0.2016, CMA Loss A2V_A2B: 7.7210, CMA Loss A2V_A2N: 6.5283,CMA Loss V2A_A2B: 7.8414,  CMA Loss V2A_A2N: 6.5180
2022-04-04 02:02:14,912 INFO Current Lambda_a2b: 0.10, Current Lambda_a2n: 0.10
2022-04-04 02:02:14,913 INFO 1/2 MIL Loss: 0.0986, CMA Loss A2V_A2B: 3.1839, CMA Loss A2V_A2N: 0.4486,CMA Loss V2A_A2B: 3.1021,  CMA Loss V2A_A2N: 0.4408
2022-04-04 02:02:44,435 INFO Current Lambda_a2b: 0.10, Current Lambda_a2n: 0.10
2022-04-04 02:02:44,436 INFO 2/2 MIL Loss: 0.2105, CMA Loss A2V_A2B: 2.1194, CMA Loss A2V_A2N: 0.1407,CMA Loss V2A_A2B: 2.0929,  CMA Loss V2A_A2N: 0.2639
2022-04-04 02:03:02,372 INFO av_loss:0.6722 | v_loss:0.2278

2022-04-04 02:03:02,373 INFO Epoch 1/50: av_auc:0.7504 | v_auc:0.7202 | m=0.9101

2022-04-04 02:03:12,237 INFO Current Lambda_a2b: 0.20, Current Lambda_a2n: 0.20
2022-04-04 02:03:12,237 INFO 0/2 MIL Loss: 0.2216, CMA Loss A2V_A2B: 2.6445, CMA Loss A2V_A2N: 0.3625,CMA Loss V2A_A2B: 2.6084,  CMA Loss V2A_A2N: 0.5043
2022-04-04 02:03:42,018 INFO Current Lambda_a2b: 0.20, Current Lambda_a2n: 0.20
2022-04-04 02:03:42,019 INFO 1/2 MIL Loss: 0.1669, CMA Loss A2V_A2B: 1.8085, CMA Loss A2V_A2N: 0.1803,CMA Loss V2A_A2B: 1.8808,  CMA Loss V2A_A2N: 0.2714
2022-04-04 02:04:11,259 INFO Current Lambda_a2b: 0.20, Current Lambda_a2n: 0.20
2022-04-04 02:04:11,260 INFO 2/2 MIL Loss: 0.1234, CMA Loss A2V_A2B: 1.1260, CMA Loss A2V_A2N: 0.2799,CMA Loss V2A_A2B: 0.8530,  CMA Loss V2A_A2N: 0.1257
2022-04-04 02:04:29,068 INFO av_loss:0.6003 | v_loss:0.1701

2022-04-04 02:04:29,068 INFO Epoch 2/50: av_auc:0.7486 | v_auc:0.719 | m=0.9104

2022-04-04 02:04:38,878 INFO Current Lambda_a2b: 0.30, Current Lambda_a2n: 0.30
2022-04-04 02:04:38,879 INFO 0/2 MIL Loss: 0.1932, CMA Loss A2V_A2B: 1.9379, CMA Loss A2V_A2N: 0.4488,CMA Loss V2A_A2B: 1.8038,  CMA Loss V2A_A2N: 0.3497
2022-04-04 02:05:08,476 INFO Current Lambda_a2b: 0.30, Current Lambda_a2n: 0.30
2022-04-04 02:05:08,477 INFO 1/2 MIL Loss: 0.0884, CMA Loss A2V_A2B: 1.5971, CMA Loss A2V_A2N: 0.2306,CMA Loss V2A_A2B: 1.4446,  CMA Loss V2A_A2N: 0.1797
2022-04-04 02:05:37,471 INFO Current Lambda_a2b: 0.30, Current Lambda_a2n: 0.30
2022-04-04 02:05:37,473 INFO 2/2 MIL Loss: 0.0980, CMA Loss A2V_A2B: 0.8367, CMA Loss A2V_A2N: 0.0825,CMA Loss V2A_A2B: 0.7990,  CMA Loss V2A_A2N: 0.1239
2022-04-04 02:05:55,746 INFO av_loss:0.6506 | v_loss:0.1533

2022-04-04 02:05:55,746 INFO Epoch 3/50: av_auc:0.7416 | v_auc:0.7205 | m=0.9108

2022-04-04 02:06:05,500 INFO Current Lambda_a2b: 0.40, Current Lambda_a2n: 0.40
2022-04-04 02:06:05,501 INFO 0/2 MIL Loss: 0.1650, CMA Loss A2V_A2B: 1.5001, CMA Loss A2V_A2N: 0.3838,CMA Loss V2A_A2B: 1.5028,  CMA Loss V2A_A2N: 0.4453
2022-04-04 02:06:35,089 INFO Current Lambda_a2b: 0.40, Current Lambda_a2n: 0.40
2022-04-04 02:06:35,091 INFO 1/2 MIL Loss: 0.1008, CMA Loss A2V_A2B: 1.3088, CMA Loss A2V_A2N: 0.2128,CMA Loss V2A_A2B: 1.3396,  CMA Loss V2A_A2N: 0.1506
2022-04-04 02:07:04,162 INFO Current Lambda_a2b: 0.40, Current Lambda_a2n: 0.40
2022-04-04 02:07:04,163 INFO 2/2 MIL Loss: 0.2966, CMA Loss A2V_A2B: 1.0222, CMA Loss A2V_A2N: 0.0631,CMA Loss V2A_A2B: 1.0401,  CMA Loss V2A_A2N: 0.1312
2022-04-04 02:07:21,962 INFO av_loss:1.199 | v_loss:0.3281

2022-04-04 02:07:21,962 INFO Epoch 4/50: av_auc:0.7791 | v_auc:0.7248 | m=0.9114

2022-04-04 02:07:31,709 INFO Current Lambda_a2b: 0.50, Current Lambda_a2n: 0.50
2022-04-04 02:07:31,710 INFO 0/2 MIL Loss: 0.1566, CMA Loss A2V_A2B: 1.3218, CMA Loss A2V_A2N: 0.1811,CMA Loss V2A_A2B: 1.4791,  CMA Loss V2A_A2N: 0.2855
2022-04-04 02:08:01,155 INFO Current Lambda_a2b: 0.50, Current Lambda_a2n: 0.50
2022-04-04 02:08:01,156 INFO 1/2 MIL Loss: 0.1835, CMA Loss A2V_A2B: 1.2049, CMA Loss A2V_A2N: 0.2246,CMA Loss V2A_A2B: 1.2514,  CMA Loss V2A_A2N: 0.1151
2022-04-04 02:08:30,210 INFO Current Lambda_a2b: 0.50, Current Lambda_a2n: 0.50
2022-04-04 02:08:30,211 INFO 2/2 MIL Loss: 0.1005, CMA Loss A2V_A2B: 0.8429, CMA Loss A2V_A2N: 0.0647,CMA Loss V2A_A2B: 0.8461,  CMA Loss V2A_A2N: 0.1042
2022-04-04 02:08:48,243 INFO av_loss:1.029 | v_loss:0.1276

2022-04-04 02:08:48,243 INFO Epoch 5/50: av_auc:0.8039 | v_auc:0.7282 | m=0.9122

2022-04-04 02:08:58,041 INFO Current Lambda_a2b: 0.60, Current Lambda_a2n: 0.60
2022-04-04 02:08:58,041 INFO 0/2 MIL Loss: 0.1447, CMA Loss A2V_A2B: 1.3469, CMA Loss A2V_A2N: 0.3052,CMA Loss V2A_A2B: 1.4215,  CMA Loss V2A_A2N: 0.2888
2022-04-04 02:09:27,835 INFO Current Lambda_a2b: 0.60, Current Lambda_a2n: 0.60
2022-04-04 02:09:27,836 INFO 1/2 MIL Loss: 0.2434, CMA Loss A2V_A2B: 1.4471, CMA Loss A2V_A2N: 0.4461,CMA Loss V2A_A2B: 1.5339,  CMA Loss V2A_A2N: 0.3789
2022-04-04 02:09:57,124 INFO Current Lambda_a2b: 0.60, Current Lambda_a2n: 0.60
2022-04-04 02:09:57,125 INFO 2/2 MIL Loss: 0.1097, CMA Loss A2V_A2B: 0.9875, CMA Loss A2V_A2N: 0.0831,CMA Loss V2A_A2B: 0.9089,  CMA Loss V2A_A2N: 0.1079
2022-04-04 02:10:15,094 INFO av_loss:1.362 | v_loss:0.1253

2022-04-04 02:10:15,095 INFO Epoch 6/50: av_auc:0.8063 | v_auc:0.7261 | m=0.9132

2022-04-04 02:10:24,996 INFO Current Lambda_a2b: 0.70, Current Lambda_a2n: 0.70
2022-04-04 02:10:24,997 INFO 0/2 MIL Loss: 0.1457, CMA Loss A2V_A2B: 1.2344, CMA Loss A2V_A2N: 0.2244,CMA Loss V2A_A2B: 1.1186,  CMA Loss V2A_A2N: 0.2251
2022-04-04 02:10:54,592 INFO Current Lambda_a2b: 0.70, Current Lambda_a2n: 0.70
2022-04-04 02:10:54,594 INFO 1/2 MIL Loss: 0.1309, CMA Loss A2V_A2B: 1.1602, CMA Loss A2V_A2N: 0.1407,CMA Loss V2A_A2B: 1.1566,  CMA Loss V2A_A2N: 0.1277
2022-04-04 02:11:23,734 INFO Current Lambda_a2b: 0.70, Current Lambda_a2n: 0.70
2022-04-04 02:11:23,735 INFO 2/2 MIL Loss: 0.1925, CMA Loss A2V_A2B: 0.8986, CMA Loss A2V_A2N: 0.2444,CMA Loss V2A_A2B: 0.8479,  CMA Loss V2A_A2N: 0.1220
2022-04-04 02:11:41,690 INFO av_loss:1.671 | v_loss:0.1853

2022-04-04 02:11:41,691 INFO Epoch 7/50: av_auc:0.813 | v_auc:0.7156 | m=0.9143

2022-04-04 02:11:51,593 INFO Current Lambda_a2b: 0.80, Current Lambda_a2n: 0.80
2022-04-04 02:11:51,594 INFO 0/2 MIL Loss: 0.1628, CMA Loss A2V_A2B: 1.2637, CMA Loss A2V_A2N: 0.4367,CMA Loss V2A_A2B: 1.1887,  CMA Loss V2A_A2N: 0.3336
2022-04-04 02:12:21,255 INFO Current Lambda_a2b: 0.80, Current Lambda_a2n: 0.80
2022-04-04 02:12:21,257 INFO 1/2 MIL Loss: 0.0999, CMA Loss A2V_A2B: 1.1285, CMA Loss A2V_A2N: 0.1917,CMA Loss V2A_A2B: 1.0600,  CMA Loss V2A_A2N: 0.1468
2022-04-04 02:12:50,280 INFO Current Lambda_a2b: 0.80, Current Lambda_a2n: 0.80
2022-04-04 02:12:50,281 INFO 2/2 MIL Loss: 0.2670, CMA Loss A2V_A2B: 0.9278, CMA Loss A2V_A2N: 0.2064,CMA Loss V2A_A2B: 0.9220,  CMA Loss V2A_A2N: 0.1002
2022-04-04 02:13:08,424 INFO av_loss:1.992 | v_loss:0.1138

2022-04-04 02:13:08,425 INFO Epoch 8/50: av_auc:0.8074 | v_auc:0.7288 | m=0.9156

2022-04-04 02:13:17,912 INFO Current Lambda_a2b: 0.90, Current Lambda_a2n: 0.90
2022-04-04 02:13:17,913 INFO 0/2 MIL Loss: 0.1831, CMA Loss A2V_A2B: 1.1149, CMA Loss A2V_A2N: 0.2732,CMA Loss V2A_A2B: 1.1193,  CMA Loss V2A_A2N: 0.2218
2022-04-04 02:13:47,785 INFO Current Lambda_a2b: 0.90, Current Lambda_a2n: 0.90
2022-04-04 02:13:47,786 INFO 1/2 MIL Loss: 0.1843, CMA Loss A2V_A2B: 1.1822, CMA Loss A2V_A2N: 0.1750,CMA Loss V2A_A2B: 1.1285,  CMA Loss V2A_A2N: 0.3236
2022-04-04 02:14:17,321 INFO Current Lambda_a2b: 0.90, Current Lambda_a2n: 0.90
2022-04-04 02:14:17,322 INFO 2/2 MIL Loss: 0.2453, CMA Loss A2V_A2B: 0.9548, CMA Loss A2V_A2N: 0.1367,CMA Loss V2A_A2B: 0.8701,  CMA Loss V2A_A2N: 0.0469
2022-04-04 02:14:34,963 INFO av_loss:2.053 | v_loss:0.1679

2022-04-04 02:14:34,964 INFO Epoch 9/50: av_auc:0.8113 | v_auc:0.7168 | m=0.917

2022-04-04 02:14:44,865 INFO Current Lambda_a2b: 1.00, Current Lambda_a2n: 1.00
2022-04-04 02:14:44,866 INFO 0/2 MIL Loss: 0.1570, CMA Loss A2V_A2B: 1.2220, CMA Loss A2V_A2N: 0.2975,CMA Loss V2A_A2B: 1.1650,  CMA Loss V2A_A2N: 0.2039
2022-04-04 02:15:14,299 INFO Current Lambda_a2b: 1.00, Current Lambda_a2n: 1.00
2022-04-04 02:15:14,301 INFO 1/2 MIL Loss: 0.1161, CMA Loss A2V_A2B: 1.0378, CMA Loss A2V_A2N: 0.1488,CMA Loss V2A_A2B: 1.0311,  CMA Loss V2A_A2N: 0.1448
2022-04-04 02:15:43,607 INFO Current Lambda_a2b: 1.00, Current Lambda_a2n: 1.00
2022-04-04 02:15:43,610 INFO 2/2 MIL Loss: 0.2240, CMA Loss A2V_A2B: 0.7069, CMA Loss A2V_A2N: 0.1317,CMA Loss V2A_A2B: 0.6970,  CMA Loss V2A_A2N: 0.1147
2022-04-04 02:16:01,826 INFO av_loss:1.874 | v_loss:0.1663

2022-04-04 02:16:01,827 INFO Epoch 10/50: av_auc:0.8081 | v_auc:0.6955 | m=0.9186

2022-04-04 02:16:11,635 INFO Current Lambda_a2b: 1.10, Current Lambda_a2n: 1.10
2022-04-04 02:16:11,636 INFO 0/2 MIL Loss: 0.1605, CMA Loss A2V_A2B: 1.1496, CMA Loss A2V_A2N: 0.3033,CMA Loss V2A_A2B: 1.1418,  CMA Loss V2A_A2N: 0.3101
2022-04-04 02:16:41,483 INFO Current Lambda_a2b: 1.10, Current Lambda_a2n: 1.10
2022-04-04 02:16:41,485 INFO 1/2 MIL Loss: 0.1215, CMA Loss A2V_A2B: 1.0774, CMA Loss A2V_A2N: 0.2278,CMA Loss V2A_A2B: 1.0585,  CMA Loss V2A_A2N: 0.2010
2022-04-04 02:17:10,735 INFO Current Lambda_a2b: 1.10, Current Lambda_a2n: 1.10
2022-04-04 02:17:10,736 INFO 2/2 MIL Loss: 0.0941, CMA Loss A2V_A2B: 0.7655, CMA Loss A2V_A2N: 0.0449,CMA Loss V2A_A2B: 0.7395,  CMA Loss V2A_A2N: 0.0505
2022-04-04 02:17:28,559 INFO av_loss:1.855 | v_loss:0.08525

2022-04-04 02:17:28,560 INFO Epoch 11/50: av_auc:0.832 | v_auc:0.7243 | m=0.9203

2022-04-04 02:17:38,454 INFO Current Lambda_a2b: 1.20, Current Lambda_a2n: 1.20
2022-04-04 02:17:38,455 INFO 0/2 MIL Loss: 0.1821, CMA Loss A2V_A2B: 1.0997, CMA Loss A2V_A2N: 0.1555,CMA Loss V2A_A2B: 1.0930,  CMA Loss V2A_A2N: 0.1449
2022-04-04 02:18:07,698 INFO Current Lambda_a2b: 1.20, Current Lambda_a2n: 1.20
2022-04-04 02:18:07,700 INFO 1/2 MIL Loss: 0.0592, CMA Loss A2V_A2B: 0.8476, CMA Loss A2V_A2N: 0.0940,CMA Loss V2A_A2B: 0.9424,  CMA Loss V2A_A2N: 0.1270
2022-04-04 02:18:36,602 INFO Current Lambda_a2b: 1.20, Current Lambda_a2n: 1.20
2022-04-04 02:18:36,603 INFO 2/2 MIL Loss: 0.2278, CMA Loss A2V_A2B: 0.7300, CMA Loss A2V_A2N: 0.0670,CMA Loss V2A_A2B: 0.6520,  CMA Loss V2A_A2N: 0.0627
2022-04-04 02:18:54,619 INFO av_loss:2.042 | v_loss:0.1306

2022-04-04 02:18:54,619 INFO Epoch 12/50: av_auc:0.8146 | v_auc:0.7106 | m=0.9222

2022-04-04 02:19:04,516 INFO Current Lambda_a2b: 1.30, Current Lambda_a2n: 1.30
2022-04-04 02:19:04,517 INFO 0/2 MIL Loss: 0.0746, CMA Loss A2V_A2B: 1.0098, CMA Loss A2V_A2N: 0.1145,CMA Loss V2A_A2B: 1.0409,  CMA Loss V2A_A2N: 0.1453
2022-04-04 02:19:34,014 INFO Current Lambda_a2b: 1.30, Current Lambda_a2n: 1.30
2022-04-04 02:19:34,015 INFO 1/2 MIL Loss: 0.0654, CMA Loss A2V_A2B: 0.7959, CMA Loss A2V_A2N: 0.1094,CMA Loss V2A_A2B: 0.7232,  CMA Loss V2A_A2N: 0.1017
2022-04-04 02:20:03,304 INFO Current Lambda_a2b: 1.30, Current Lambda_a2n: 1.30
2022-04-04 02:20:03,305 INFO 2/2 MIL Loss: 0.0400, CMA Loss A2V_A2B: 0.6796, CMA Loss A2V_A2N: 0.0396,CMA Loss V2A_A2B: 0.6936,  CMA Loss V2A_A2N: 0.1015
2022-04-04 02:20:21,635 INFO av_loss:2.009 | v_loss:0.08297

2022-04-04 02:20:21,635 INFO Epoch 13/50: av_auc:0.8248 | v_auc:0.7123 | m=0.9242

2022-04-04 02:20:31,453 INFO Current Lambda_a2b: 1.40, Current Lambda_a2n: 1.40
2022-04-04 02:20:31,454 INFO 0/2 MIL Loss: 0.1214, CMA Loss A2V_A2B: 0.9981, CMA Loss A2V_A2N: 0.1675,CMA Loss V2A_A2B: 0.9776,  CMA Loss V2A_A2N: 0.1549
2022-04-04 02:21:00,884 INFO Current Lambda_a2b: 1.40, Current Lambda_a2n: 1.40
2022-04-04 02:21:00,885 INFO 1/2 MIL Loss: 0.1263, CMA Loss A2V_A2B: 0.8806, CMA Loss A2V_A2N: 0.1310,CMA Loss V2A_A2B: 0.9473,  CMA Loss V2A_A2N: 0.1041
2022-04-04 02:21:29,751 INFO Current Lambda_a2b: 1.40, Current Lambda_a2n: 1.40
2022-04-04 02:21:29,752 INFO 2/2 MIL Loss: 0.0688, CMA Loss A2V_A2B: 0.6778, CMA Loss A2V_A2N: 0.0586,CMA Loss V2A_A2B: 0.6357,  CMA Loss V2A_A2N: 0.0334
2022-04-04 02:21:47,623 INFO av_loss:2.036 | v_loss:0.06611

2022-04-04 02:21:47,624 INFO Epoch 14/50: av_auc:0.834 | v_auc:0.7012 | m=0.9263

2022-04-04 02:21:57,319 INFO Current Lambda_a2b: 1.50, Current Lambda_a2n: 1.50
2022-04-04 02:21:57,320 INFO 0/2 MIL Loss: 0.0898, CMA Loss A2V_A2B: 1.0348, CMA Loss A2V_A2N: 0.1446,CMA Loss V2A_A2B: 0.9928,  CMA Loss V2A_A2N: 0.1003
2022-04-04 02:22:26,740 INFO Current Lambda_a2b: 1.50, Current Lambda_a2n: 1.50
2022-04-04 02:22:26,741 INFO 1/2 MIL Loss: 0.0956, CMA Loss A2V_A2B: 0.8871, CMA Loss A2V_A2N: 0.1048,CMA Loss V2A_A2B: 0.9814,  CMA Loss V2A_A2N: 0.2238
2022-04-04 02:22:56,059 INFO Current Lambda_a2b: 1.50, Current Lambda_a2n: 1.50
2022-04-04 02:22:56,061 INFO 2/2 MIL Loss: 0.0835, CMA Loss A2V_A2B: 0.9890, CMA Loss A2V_A2N: 0.3587,CMA Loss V2A_A2B: 0.8588,  CMA Loss V2A_A2N: 0.2290
2022-04-04 02:23:14,058 INFO av_loss:3.737 | v_loss:0.04412

2022-04-04 02:23:14,058 INFO Epoch 15/50: av_auc:0.8146 | v_auc:0.7067 | m=0.9285

2022-04-04 02:23:24,039 INFO Current Lambda_a2b: 1.50, Current Lambda_a2n: 1.50
2022-04-04 02:23:24,040 INFO 0/2 MIL Loss: 0.1857, CMA Loss A2V_A2B: 1.0632, CMA Loss A2V_A2N: 0.1498,CMA Loss V2A_A2B: 1.0573,  CMA Loss V2A_A2N: 0.1609
2022-04-04 02:23:53,685 INFO Current Lambda_a2b: 1.50, Current Lambda_a2n: 1.50
2022-04-04 02:23:53,686 INFO 1/2 MIL Loss: 0.1140, CMA Loss A2V_A2B: 0.9780, CMA Loss A2V_A2N: 0.1164,CMA Loss V2A_A2B: 0.9242,  CMA Loss V2A_A2N: 0.1249
2022-04-04 02:24:23,087 INFO Current Lambda_a2b: 1.50, Current Lambda_a2n: 1.50
2022-04-04 02:24:23,089 INFO 2/2 MIL Loss: 0.1331, CMA Loss A2V_A2B: 0.8016, CMA Loss A2V_A2N: 0.0790,CMA Loss V2A_A2B: 0.7357,  CMA Loss V2A_A2N: 0.0577
2022-04-04 02:24:40,888 INFO av_loss:2.644 | v_loss:0.07713

2022-04-04 02:24:40,889 INFO Epoch 16/50: av_auc:0.821 | v_auc:0.705 | m=0.9309

2022-04-04 02:24:50,729 INFO Current Lambda_a2b: 1.50, Current Lambda_a2n: 1.50
2022-04-04 02:24:50,730 INFO 0/2 MIL Loss: 0.0811, CMA Loss A2V_A2B: 0.8249, CMA Loss A2V_A2N: 0.1125,CMA Loss V2A_A2B: 0.8104,  CMA Loss V2A_A2N: 0.0845
2022-04-04 02:25:20,281 INFO Current Lambda_a2b: 1.50, Current Lambda_a2n: 1.50
2022-04-04 02:25:20,282 INFO 1/2 MIL Loss: 0.2494, CMA Loss A2V_A2B: 1.1457, CMA Loss A2V_A2N: 0.3511,CMA Loss V2A_A2B: 1.1802,  CMA Loss V2A_A2N: 0.2424
2022-04-04 02:25:49,646 INFO Current Lambda_a2b: 1.50, Current Lambda_a2n: 1.50
2022-04-04 02:25:49,647 INFO 2/2 MIL Loss: 0.0937, CMA Loss A2V_A2B: 0.6867, CMA Loss A2V_A2N: 0.0373,CMA Loss V2A_A2B: 0.7103,  CMA Loss V2A_A2N: 0.0294
2022-04-04 02:26:07,747 INFO av_loss:2.289 | v_loss:0.05106

2022-04-04 02:26:07,748 INFO Epoch 17/50: av_auc:0.8234 | v_auc:0.7029 | m=0.9333

2022-04-04 02:26:17,695 INFO Current Lambda_a2b: 1.50, Current Lambda_a2n: 1.50
2022-04-04 02:26:17,696 INFO 0/2 MIL Loss: 0.0852, CMA Loss A2V_A2B: 0.8865, CMA Loss A2V_A2N: 0.1487,CMA Loss V2A_A2B: 0.8769,  CMA Loss V2A_A2N: 0.1444
2022-04-04 02:26:47,627 INFO Current Lambda_a2b: 1.50, Current Lambda_a2n: 1.50
2022-04-04 02:26:47,629 INFO 1/2 MIL Loss: 0.1549, CMA Loss A2V_A2B: 0.7161, CMA Loss A2V_A2N: 0.1102,CMA Loss V2A_A2B: 0.7746,  CMA Loss V2A_A2N: 0.2101
2022-04-04 02:27:16,946 INFO Current Lambda_a2b: 1.50, Current Lambda_a2n: 1.50
2022-04-04 02:27:16,947 INFO 2/2 MIL Loss: 0.1700, CMA Loss A2V_A2B: 0.6044, CMA Loss A2V_A2N: 0.0592,CMA Loss V2A_A2B: 0.6109,  CMA Loss V2A_A2N: 0.0983
2022-04-04 02:27:35,231 INFO av_loss:2.229 | v_loss:0.05431

2022-04-04 02:27:35,232 INFO Epoch 18/50: av_auc:0.8149 | v_auc:0.7074 | m=0.9358

2022-04-04 02:27:45,079 INFO Current Lambda_a2b: 1.50, Current Lambda_a2n: 1.50
2022-04-04 02:27:45,079 INFO 0/2 MIL Loss: 0.0728, CMA Loss A2V_A2B: 0.9044, CMA Loss A2V_A2N: 0.1281,CMA Loss V2A_A2B: 0.8706,  CMA Loss V2A_A2N: 0.1158
2022-04-04 02:28:14,758 INFO Current Lambda_a2b: 1.50, Current Lambda_a2n: 1.50
2022-04-04 02:28:14,759 INFO 1/2 MIL Loss: 0.1044, CMA Loss A2V_A2B: 0.8329, CMA Loss A2V_A2N: 0.1699,CMA Loss V2A_A2B: 0.7969,  CMA Loss V2A_A2N: 0.1934
2022-04-04 02:28:43,957 INFO Current Lambda_a2b: 1.50, Current Lambda_a2n: 1.50
2022-04-04 02:28:43,958 INFO 2/2 MIL Loss: 0.1286, CMA Loss A2V_A2B: 0.5403, CMA Loss A2V_A2N: 0.0310,CMA Loss V2A_A2B: 0.5377,  CMA Loss V2A_A2N: 0.0418
2022-04-04 02:29:01,586 INFO av_loss:1.855 | v_loss:0.02076

2022-04-04 02:29:01,586 INFO Epoch 19/50: av_auc:0.8043 | v_auc:0.6932 | m=0.9384

2022-04-04 02:29:11,470 INFO Current Lambda_a2b: 1.50, Current Lambda_a2n: 1.50
2022-04-04 02:29:11,471 INFO 0/2 MIL Loss: 0.0995, CMA Loss A2V_A2B: 0.9047, CMA Loss A2V_A2N: 0.1768,CMA Loss V2A_A2B: 0.8064,  CMA Loss V2A_A2N: 0.1731
2022-04-04 02:29:40,494 INFO Current Lambda_a2b: 1.50, Current Lambda_a2n: 1.50
2022-04-04 02:29:40,496 INFO 1/2 MIL Loss: 0.0757, CMA Loss A2V_A2B: 0.8173, CMA Loss A2V_A2N: 0.1185,CMA Loss V2A_A2B: 0.8079,  CMA Loss V2A_A2N: 0.1174
2022-04-04 02:30:09,728 INFO Current Lambda_a2b: 1.50, Current Lambda_a2n: 1.50
2022-04-04 02:30:09,730 INFO 2/2 MIL Loss: 0.0811, CMA Loss A2V_A2B: 0.6116, CMA Loss A2V_A2N: 0.0265,CMA Loss V2A_A2B: 0.5688,  CMA Loss V2A_A2N: 0.0231
2022-04-04 02:30:27,906 INFO av_loss:1.926 | v_loss:0.02975

2022-04-04 02:30:27,906 INFO Epoch 20/50: av_auc:0.812 | v_auc:0.6912 | m=0.9411

2022-04-04 02:30:37,590 INFO Current Lambda_a2b: 1.50, Current Lambda_a2n: 1.50
2022-04-04 02:30:37,591 INFO 0/2 MIL Loss: 0.0869, CMA Loss A2V_A2B: 0.8495, CMA Loss A2V_A2N: 0.1249,CMA Loss V2A_A2B: 0.8527,  CMA Loss V2A_A2N: 0.1100
2022-04-04 02:31:07,158 INFO Current Lambda_a2b: 1.50, Current Lambda_a2n: 1.50
2022-04-04 02:31:07,160 INFO 1/2 MIL Loss: 0.0817, CMA Loss A2V_A2B: 0.7458, CMA Loss A2V_A2N: 0.1119,CMA Loss V2A_A2B: 0.7476,  CMA Loss V2A_A2N: 0.1908
2022-04-04 02:31:36,254 INFO Current Lambda_a2b: 1.50, Current Lambda_a2n: 1.50
2022-04-04 02:31:36,255 INFO 2/2 MIL Loss: 0.0431, CMA Loss A2V_A2B: 0.5817, CMA Loss A2V_A2N: 0.0497,CMA Loss V2A_A2B: 0.5748,  CMA Loss V2A_A2N: 0.0565
2022-04-04 02:31:54,051 INFO av_loss:1.937 | v_loss:0.04256

2022-04-04 02:31:54,051 INFO Epoch 21/50: av_auc:0.8039 | v_auc:0.6811 | m=0.9438

2022-04-04 02:32:03,793 INFO Current Lambda_a2b: 1.50, Current Lambda_a2n: 1.50
2022-04-04 02:32:03,793 INFO 0/2 MIL Loss: 0.1132, CMA Loss A2V_A2B: 0.7575, CMA Loss A2V_A2N: 0.0925,CMA Loss V2A_A2B: 0.7191,  CMA Loss V2A_A2N: 0.1086
2022-04-04 02:32:33,365 INFO Current Lambda_a2b: 1.50, Current Lambda_a2n: 1.50
2022-04-04 02:32:33,366 INFO 1/2 MIL Loss: 0.0774, CMA Loss A2V_A2B: 0.8618, CMA Loss A2V_A2N: 0.1666,CMA Loss V2A_A2B: 0.8397,  CMA Loss V2A_A2N: 0.1306
2022-04-04 02:33:03,084 INFO Current Lambda_a2b: 1.50, Current Lambda_a2n: 1.50
2022-04-04 02:33:03,085 INFO 2/2 MIL Loss: 0.1159, CMA Loss A2V_A2B: 0.6846, CMA Loss A2V_A2N: 0.0636,CMA Loss V2A_A2B: 0.6273,  CMA Loss V2A_A2N: 0.0645
2022-04-04 02:33:21,157 INFO av_loss:2.276 | v_loss:0.04092

2022-04-04 02:33:21,157 INFO Epoch 22/50: av_auc:0.8078 | v_auc:0.6875 | m=0.9466

2022-04-04 02:33:31,000 INFO Current Lambda_a2b: 1.50, Current Lambda_a2n: 1.50
2022-04-04 02:33:31,001 INFO 0/2 MIL Loss: 0.1686, CMA Loss A2V_A2B: 0.8894, CMA Loss A2V_A2N: 0.1786,CMA Loss V2A_A2B: 0.8037,  CMA Loss V2A_A2N: 0.1515
2022-04-04 02:34:01,969 INFO Current Lambda_a2b: 1.50, Current Lambda_a2n: 1.50
2022-04-04 02:34:01,971 INFO 1/2 MIL Loss: 0.1062, CMA Loss A2V_A2B: 0.8977, CMA Loss A2V_A2N: 0.1498,CMA Loss V2A_A2B: 0.8165,  CMA Loss V2A_A2N: 0.1100
2022-04-04 02:34:32,215 INFO Current Lambda_a2b: 1.50, Current Lambda_a2n: 1.50
2022-04-04 02:34:32,217 INFO 2/2 MIL Loss: 0.1718, CMA Loss A2V_A2B: 0.6826, CMA Loss A2V_A2N: 0.0666,CMA Loss V2A_A2B: 0.6246,  CMA Loss V2A_A2N: 0.0430
2022-04-04 02:34:50,330 INFO av_loss:2.297 | v_loss:0.02884

2022-04-04 02:34:50,330 INFO Epoch 23/50: av_auc:0.8171 | v_auc:0.6879 | m=0.9494

2022-04-04 02:35:00,559 INFO Current Lambda_a2b: 1.50, Current Lambda_a2n: 1.50
2022-04-04 02:35:00,560 INFO 0/2 MIL Loss: 0.0795, CMA Loss A2V_A2B: 0.8109, CMA Loss A2V_A2N: 0.1540,CMA Loss V2A_A2B: 0.7501,  CMA Loss V2A_A2N: 0.1820
2022-04-04 02:35:31,236 INFO Current Lambda_a2b: 1.50, Current Lambda_a2n: 1.50
2022-04-04 02:35:31,237 INFO 1/2 MIL Loss: 0.0917, CMA Loss A2V_A2B: 0.9025, CMA Loss A2V_A2N: 0.1535,CMA Loss V2A_A2B: 0.8910,  CMA Loss V2A_A2N: 0.1582
2022-04-04 02:35:59,816 INFO Current Lambda_a2b: 1.50, Current Lambda_a2n: 1.50
2022-04-04 02:35:59,817 INFO 2/2 MIL Loss: 0.0467, CMA Loss A2V_A2B: 0.6692, CMA Loss A2V_A2N: 0.0530,CMA Loss V2A_A2B: 0.5809,  CMA Loss V2A_A2N: 0.0503
2022-04-04 02:36:17,892 INFO av_loss:2.077 | v_loss:0.0541

2022-04-04 02:36:17,892 INFO Epoch 24/50: av_auc:0.8147 | v_auc:0.6929 | m=0.9522

2022-04-04 02:36:27,943 INFO Current Lambda_a2b: 1.50, Current Lambda_a2n: 1.50
2022-04-04 02:36:27,944 INFO 0/2 MIL Loss: 0.0946, CMA Loss A2V_A2B: 0.8772, CMA Loss A2V_A2N: 0.1233,CMA Loss V2A_A2B: 0.8197,  CMA Loss V2A_A2N: 0.0742
2022-04-04 02:36:58,655 INFO Current Lambda_a2b: 1.50, Current Lambda_a2n: 1.50
2022-04-04 02:36:58,657 INFO 1/2 MIL Loss: 0.0771, CMA Loss A2V_A2B: 0.7920, CMA Loss A2V_A2N: 0.0521,CMA Loss V2A_A2B: 0.7904,  CMA Loss V2A_A2N: 0.0526
2022-04-04 02:37:28,823 INFO Current Lambda_a2b: 1.50, Current Lambda_a2n: 1.50
2022-04-04 02:37:28,824 INFO 2/2 MIL Loss: 0.1370, CMA Loss A2V_A2B: 0.5180, CMA Loss A2V_A2N: 0.0754,CMA Loss V2A_A2B: 0.5787,  CMA Loss V2A_A2N: 0.0509
2022-04-04 02:37:46,910 INFO av_loss:1.971 | v_loss:0.0156

2022-04-04 02:37:46,910 INFO Epoch 25/50: av_auc:0.791 | v_auc:0.6808 | m=0.955

2022-04-04 02:37:57,034 INFO Current Lambda_a2b: 1.50, Current Lambda_a2n: 1.50
2022-04-04 02:37:57,035 INFO 0/2 MIL Loss: 0.1540, CMA Loss A2V_A2B: 0.9405, CMA Loss A2V_A2N: 0.1512,CMA Loss V2A_A2B: 0.9541,  CMA Loss V2A_A2N: 0.0907
2022-04-04 02:38:27,347 INFO Current Lambda_a2b: 1.50, Current Lambda_a2n: 1.50
2022-04-04 02:38:27,349 INFO 1/2 MIL Loss: 0.1476, CMA Loss A2V_A2B: 0.8141, CMA Loss A2V_A2N: 0.1076,CMA Loss V2A_A2B: 0.7699,  CMA Loss V2A_A2N: 0.0574
2022-04-04 02:38:55,791 INFO Current Lambda_a2b: 1.50, Current Lambda_a2n: 1.50
2022-04-04 02:38:55,792 INFO 2/2 MIL Loss: 0.0563, CMA Loss A2V_A2B: 0.6939, CMA Loss A2V_A2N: 0.0483,CMA Loss V2A_A2B: 0.6815,  CMA Loss V2A_A2N: 0.0597
2022-04-04 02:39:13,454 INFO av_loss:2.281 | v_loss:0.02117

2022-04-04 02:39:13,454 INFO Epoch 26/50: av_auc:0.8069 | v_auc:0.6843 | m=0.9578

2022-04-04 02:39:23,618 INFO Current Lambda_a2b: 1.50, Current Lambda_a2n: 1.50
2022-04-04 02:39:23,619 INFO 0/2 MIL Loss: 0.0998, CMA Loss A2V_A2B: 0.9019, CMA Loss A2V_A2N: 0.1306,CMA Loss V2A_A2B: 0.8163,  CMA Loss V2A_A2N: 0.1219
2022-04-04 02:39:54,247 INFO Current Lambda_a2b: 1.50, Current Lambda_a2n: 1.50
2022-04-04 02:39:54,248 INFO 1/2 MIL Loss: 0.0398, CMA Loss A2V_A2B: 0.7361, CMA Loss A2V_A2N: 0.0763,CMA Loss V2A_A2B: 0.7837,  CMA Loss V2A_A2N: 0.1165
2022-04-04 02:40:25,546 INFO Current Lambda_a2b: 1.50, Current Lambda_a2n: 1.50
2022-04-04 02:40:25,547 INFO 2/2 MIL Loss: 0.0961, CMA Loss A2V_A2B: 0.6262, CMA Loss A2V_A2N: 0.0571,CMA Loss V2A_A2B: 0.4975,  CMA Loss V2A_A2N: 0.0517
2022-04-04 02:40:43,853 INFO av_loss:1.945 | v_loss:0.03563

2022-04-04 02:40:43,854 INFO Epoch 27/50: av_auc:0.8219 | v_auc:0.6907 | m=0.9606

2022-04-04 02:40:53,813 INFO Current Lambda_a2b: 1.50, Current Lambda_a2n: 1.50
2022-04-04 02:40:53,814 INFO 0/2 MIL Loss: 0.0934, CMA Loss A2V_A2B: 0.9438, CMA Loss A2V_A2N: 0.1451,CMA Loss V2A_A2B: 0.8096,  CMA Loss V2A_A2N: 0.0696
2022-04-04 02:41:24,026 INFO Current Lambda_a2b: 1.50, Current Lambda_a2n: 1.50
2022-04-04 02:41:24,027 INFO 1/2 MIL Loss: 0.0766, CMA Loss A2V_A2B: 0.7946, CMA Loss A2V_A2N: 0.0947,CMA Loss V2A_A2B: 0.7654,  CMA Loss V2A_A2N: 0.0954
2022-04-04 02:41:55,003 INFO Current Lambda_a2b: 1.50, Current Lambda_a2n: 1.50
2022-04-04 02:41:55,004 INFO 2/2 MIL Loss: 0.0497, CMA Loss A2V_A2B: 0.7815, CMA Loss A2V_A2N: 0.0463,CMA Loss V2A_A2B: 0.6510,  CMA Loss V2A_A2N: 0.0297
2022-04-04 02:42:12,945 INFO av_loss:2.312 | v_loss:0.01355

2022-04-04 02:42:12,945 INFO Epoch 28/50: av_auc:0.7972 | v_auc:0.6905 | m=0.9634

2022-04-04 02:42:23,023 INFO Current Lambda_a2b: 1.50, Current Lambda_a2n: 1.50
2022-04-04 02:42:23,024 INFO 0/2 MIL Loss: 0.1040, CMA Loss A2V_A2B: 0.8101, CMA Loss A2V_A2N: 0.0988,CMA Loss V2A_A2B: 0.7704,  CMA Loss V2A_A2N: 0.1019
2022-04-04 02:42:52,970 INFO Current Lambda_a2b: 1.50, Current Lambda_a2n: 1.50
2022-04-04 02:42:52,971 INFO 1/2 MIL Loss: 0.0886, CMA Loss A2V_A2B: 0.7876, CMA Loss A2V_A2N: 0.1205,CMA Loss V2A_A2B: 0.8109,  CMA Loss V2A_A2N: 0.2116
2022-04-04 02:43:24,168 INFO Current Lambda_a2b: 1.50, Current Lambda_a2n: 1.50
2022-04-04 02:43:24,169 INFO 2/2 MIL Loss: 0.0657, CMA Loss A2V_A2B: 0.6098, CMA Loss A2V_A2N: 0.0358,CMA Loss V2A_A2B: 0.5692,  CMA Loss V2A_A2N: 0.1148
2022-04-04 02:43:42,212 INFO av_loss:2.06 | v_loss:0.01025

2022-04-04 02:43:42,212 INFO Epoch 29/50: av_auc:0.8118 | v_auc:0.7009 | m=0.9662

2022-04-04 02:43:52,419 INFO Current Lambda_a2b: 1.50, Current Lambda_a2n: 1.50
2022-04-04 02:43:52,421 INFO 0/2 MIL Loss: 0.0934, CMA Loss A2V_A2B: 0.7451, CMA Loss A2V_A2N: 0.1042,CMA Loss V2A_A2B: 0.7415,  CMA Loss V2A_A2N: 0.1039
2022-04-04 02:44:23,319 INFO Current Lambda_a2b: 1.50, Current Lambda_a2n: 1.50
2022-04-04 02:44:23,321 INFO 1/2 MIL Loss: 0.0941, CMA Loss A2V_A2B: 0.7589, CMA Loss A2V_A2N: 0.0875,CMA Loss V2A_A2B: 0.7391,  CMA Loss V2A_A2N: 0.0918
2022-04-04 02:44:53,868 INFO Current Lambda_a2b: 1.50, Current Lambda_a2n: 1.50
2022-04-04 02:44:53,869 INFO 2/2 MIL Loss: 0.1997, CMA Loss A2V_A2B: 0.6348, CMA Loss A2V_A2N: 0.0628,CMA Loss V2A_A2B: 0.5661,  CMA Loss V2A_A2N: 0.0897
2022-04-04 02:45:11,956 INFO av_loss:2.23 | v_loss:0.01301

2022-04-04 02:45:11,957 INFO Epoch 30/50: av_auc:0.8048 | v_auc:0.6897 | m=0.9689

2022-04-04 02:45:11,957 INFO Best Performance in Epoch 14: av_auc:0.834 | v_auc:0.7012

